<html>
<head>
<title>TestNG:  Default test</title>
<link href="../testng.css" rel="stylesheet" type="text/css" />
<link href="../my-testng.css" rel="stylesheet" type="text/css" />

<style type="text/css">
.log { display: none;} 
.stack-trace { display: none;} 
</style>
<script type="text/javascript">
<!--
function flip(e) {
  current = e.style.display;
  if (current == 'block') {
    e.style.display = 'none';
    return 0;
  }
  else {
    e.style.display = 'block';
    return 1;
  }
}

function toggleBox(szDivId, elem, msg1, msg2)
{
  var res = -1;  if (document.getElementById) {
    res = flip(document.getElementById(szDivId));
  }
  else if (document.all) {
    // this is the way old msie versions work
    res = flip(document.all[szDivId]);
  }
  if(elem) {
    if(res == 0) elem.innerHTML = msg1; else elem.innerHTML = msg2;
  }

}

function toggleAllBoxes() {
  if (document.getElementsByTagName) {
    d = document.getElementsByTagName('div');
    for (i = 0; i < d.length; i++) {
      if (d[i].className == 'log') {
        flip(d[i]);
      }
    }
  }
}

// -->
</script>

</head>
<body>
<h2 align='center'>Default test</h2><table border='1' align="center">
<tr>
<td>Tests passed/Failed/Skipped:</td><td>4/14/0</td>
</tr><tr>
<td>Started on:</td><td>Mon Apr 05 20:38:14 IST 2021</td>
</tr>
<tr><td>Total time:</td><td>337 seconds (337322 ms)</td>
</tr><tr>
<td>Included groups:</td><td></td>
</tr><tr>
<td>Excluded groups:</td><td></td>
</tr>
</table><p/>
<small><i>(Hover the method name to see the test class name)</i></small><p/>
<table width='100%' border='1' class='invocation-failed'>
<tr><td colspan='4' align='center'><b>FAILED TESTS</b></td></tr>
<tr><td><b>Test method</b></td>
<td width="30%"><b>Exception</b></td>
<td width="10%"><b>Time (seconds)</b></td>
<td><b>Instance</b></td>
</tr>
<tr>
<td title='Tests.Runner1.runScenario()'><b>runScenario</b><br>Test class: Tests.Runner1<br>Test method: Runs Cucumber Scenarios<br>Parameters: "Validate userid in homePage", "Optional[Gmail HomePage]"</td>
<td><div><pre>org.openqa.selenium.WebDriverException: Timed out waiting for driver server to start.
Build info: version: &apos;4.0.0-alpha-7&apos;, revision: &apos;de8579b6d5&apos;
System info: host: &apos;DESKTOP-8G3MUB9&apos;, ip: &apos;192.168.0.106&apos;, os.name: &apos;Windows 10&apos;, os.arch: &apos;amd64&apos;, os.version: &apos;10.0&apos;, java.version: &apos;1.8.0_271&apos;
Driver info: driver.version: ChromeDriver
	at org.openqa.selenium.remote.service.DriverService.start(DriverService.java:210)
	at org.openqa.selenium.remote.service.DriverCommandExecutor.execute(DriverCommandExecutor.java:83)
	at org.openqa.selenium.remote.RemoteWebDriver.execute(RemoteWebDriver.java:501)
	at org.openqa.selenium.remote.RemoteWebDriver.startSession(RemoteWebDriver.java:207)
	at org.openqa.selenium.remote.RemoteWebDriver.&lt;init&gt;(RemoteWebDriver.java:127)
	at org.openqa.selenium.chromium.ChromiumDriver.&lt;init&gt;(ChromiumDriver.java:93)
	at org.openqa.selenium.chrome.ChromeDriver.&lt;init&gt;(ChromeDriver.java:163)
	at org.openqa.selenium.chrome.ChromeDriver.&lt;init&gt;(ChromeDriver.java:150)
	at org.openqa.selenium.chrome.ChromeDriver.&lt;init&gt;(ChromeDriver.java:105)
	at Utilityclasses.TestUtility.openBrowser(TestUtility.java:53)
	at GlueCode.Stepdef1.launch_site_using_chrome(Stepdef1.java:117)
	at ?.launch site using &quot;chrome&quot;(file:///F:/batch%20251/selenium_framworks/Frameworks/org.magnitia.BDD/src/test/resources/features/feature1.feature:5)
Caused by: java.util.concurrent.ExecutionException: org.openqa.selenium.WebDriverException: java.lang.InterruptedException
Build info: version: &apos;4.0.0-alpha-7&apos;, revision: &apos;de8579b6d5&apos;
System info: host: &apos;DESKTOP-8G3MUB9&apos;, ip: &apos;192.168.0.106&apos;, os.name: &apos;Windows 10&apos;, os.arch: &apos;amd64&apos;, os.version: &apos;10.0&apos;, java.version: &apos;1.8.0_271&apos;
Driver info: driver.version: unknown
	at java.util.concurrent.CompletableFuture.reportGet(Unknown Source)
	at java.util.concurrent.CompletableFuture.get(Unknown Source)
	at org.openqa.selenium.remote.service.DriverService.start(DriverService.java:204)
	at org.openqa.selenium.remote.service.DriverCommandExecutor.execute(DriverCommandExecutor.java:83)
	at org.openqa.selenium.remote.RemoteWebDriver.execute(RemoteWebDriver.java:501)
	at org.openqa.selenium.remote.RemoteWebDriver.startSession(RemoteWebDriver.java:207)
	at org.openqa.selenium.remote.RemoteWebDriver.&lt;init&gt;(RemoteWebDriver.java:127)
	at org.openqa.selenium.chromium.ChromiumDriver.&lt;init&gt;(ChromiumDriver.java:93)
	at org.openqa.selenium.chrome.ChromeDriver.&lt;init&gt;(ChromeDriver.java:163)
	at org.openqa.selenium.chrome.ChromeDriver.&lt;init&gt;(ChromeDriver.java:150)
	at org.openqa.selenium.chrome.ChromeDriver.&lt;init&gt;(ChromeDriver.java:105)
	at Utilityclasses.TestUtility.openBrowser(TestUtility.java:53)
	at GlueCode.Stepdef1.launch_site_using_chrome(Stepdef1.java:117)
	at sun.reflect.NativeMethodAccessorImpl.invoke0(Native Method)
	at sun.reflect.NativeMethodAccessorImpl.invoke(Unknown Source)
	at sun.reflect.DelegatingMethodAccessorImpl.invoke(Unknown Source)
	at java.lang.reflect.Method.invoke(Unknown Source)
	at io.cucumber.java.Invoker.doInvoke(Invoker.java:66)
	at io.cucumber.java.Invoker.invoke(Invoker.java:24)
	at io.cucumber.java.AbstractGlueDefinition.invokeMethod(AbstractGlueDefinition.java:47)
	at io.cucumber.java.JavaStepDefinition.execute(JavaStepDefinition.java:29)
	at io.cucumber.core.runner.CoreStepDefinition.execute(CoreStepDefinition.java:66)
	at io.cucumber.core.runner.PickleStepDefinitionMatch.runStep(PickleStepDefinitionMatch.java:63)
	at io.cucumber.core.runner.ExecutionMode$1.execute(ExecutionMode.java:10)
	at io.cucumber.core.runner.TestStep.executeStep(TestStep.java:92)
	at io.cucumber.core.runner.TestStep.run(TestStep.java:64)
	at io.cucumber.core.runner.PickleStepTestStep.run(PickleStepTestStep.java:51)
	at io.cucumber.core.runner.TestCase.run(TestCase.java:104)
	at io.cucumber.core.runner.Runner.runPickle(Runner.java:71)
	at io.cucumber.testng.TestNGCucumberRunner.lambda$runScenario$0(TestNGCucumberRunner.java:116)
	at io.cucumber.core.runtime.CucumberExecutionContext.runTestCase(CucumberExecutionContext.java:117)
	at io.cucumber.testng.TestNGCucumberRunner.runScenario(TestNGCucumberRunner.java:113)
	at io.cucumber.testng.AbstractTestNGCucumberTests.runScenario(AbstractTestNGCucumberTests.java:31)
	at sun.reflect.NativeMethodAccessorImpl.invoke0(Native Method)
	at sun.reflect.NativeMethodAccessorImpl.invoke(Unknown Source)
	at sun.reflect.DelegatingMethodAccessorImpl.invoke(Unknown Source)
	at java.lang.reflect.Method.invoke(Unknown Source)
	at org.testng.internal.MethodInvocationHelper.invokeMethod(MethodInvocationHelper.java:134)
	at org.testng.internal.TestInvoker.invokeMethod(TestInvoker.java:597)
	at org.testng.internal.TestInvoker.invokeTestMethod(TestInvoker.java:173)
	at org.testng.internal.MethodRunner.runInSequence(MethodRunner.java:46)
	at org.testng.internal.TestInvoker$MethodInvocationAgent.invoke(TestInvoker.java:816)
	at org.testng.internal.TestInvoker.invokeTestMethods(TestInvoker.java:146)
	at org.testng.internal.TestMethodWorker.invokeTestMethods(TestMethodWorker.java:146)
	at org.testng.internal.TestMethodWorker.run(TestMethodWorker.java:128)
	at java.util.ArrayList.forEach(Unknown Source)
	at org.testng.TestRunner.privateRun(TestRunner.java:766)
	at org.testng.TestRunner.run(TestRunner.java:587)
	at org.testng.SuiteRunner.runTest(SuiteRunner.java:384)
	at org.testng.SuiteRunner.runSequentially(SuiteRunner.java:378)
	at org.testng.SuiteRunner.privateRun(SuiteRunner.java:337)
	at org.testng.SuiteRunner.run(SuiteRunner.java:286)
	at org.testng.SuiteRunnerWorker.runSuite(SuiteRunnerWorker.java:53)
	at org.testng.SuiteRunnerWorker.run(SuiteRunnerWorker.java:96)
	at org.testng.TestNG.runSuitesSequentially(TestNG.java:1187)
	at org.testng.TestNG.runSuitesLocally(TestNG.java:1109)
	at org.testng.TestNG.runSuites(TestNG.java:1039)
	at org.testng.TestNG.run(TestNG.java:1007)
	at org.testng.remote.AbstractRemoteTestNG.run(AbstractRemoteTestNG.java:115)
	at org.testng.remote.RemoteTestNG.initAndRun(RemoteTestNG.java:251)
	at org.testng.remote.RemoteTestNG.main(RemoteTestNG.java:77)
Caused by: org.openqa.selenium.WebDriverException: java.lang.InterruptedException
Build info: version: &apos;4.0.0-alpha-7&apos;, revision: &apos;de8579b6d5&apos;
System info: host: &apos;DESKTOP-8G3MUB9&apos;, ip: &apos;192.168.0.106&apos;, os.name: &apos;Windows 10&apos;, os.arch: &apos;amd64&apos;, os.version: &apos;10.0&apos;, java.version: &apos;1.8.0_271&apos;
Driver info: driver.version: unknown
	at org.openqa.selenium.os.CommandLine.waitFor(CommandLine.java:130)
	at org.openqa.selenium.remote.service.DriverService.lambda$start$1(DriverService.java:198)
	at java.util.concurrent.CompletableFuture$AsyncSupply.run(Unknown Source)
	at java.util.concurrent.CompletableFuture$AsyncSupply.exec(Unknown Source)
	at java.util.concurrent.ForkJoinTask.doExec(Unknown Source)
	at java.util.concurrent.ForkJoinPool$WorkQueue.runTask(Unknown Source)
	at java.util.concurrent.ForkJoinPool.runWorker(Unknown Source)
	at java.util.concurrent.ForkJoinWorkerThread.run(Unknown Source)
Caused by: java.lang.InterruptedException
	at org.openqa.selenium.os.OsProcess.waitFor(OsProcess.java:164)
	at org.openqa.selenium.os.CommandLine.waitFor(CommandLine.java:127)
	... 7 more
</pre></div><a href='#' onClick='toggleBox("stack-trace1778994610", this, "Click to show all stack frames", "Click to hide stack frames")'>Click to show all stack frames</a>
<div class='stack-trace' id='stack-trace1778994610'><pre>org.openqa.selenium.WebDriverException: Timed out waiting for driver server to start.
Build info: version: &apos;4.0.0-alpha-7&apos;, revision: &apos;de8579b6d5&apos;
System info: host: &apos;DESKTOP-8G3MUB9&apos;, ip: &apos;192.168.0.106&apos;, os.name: &apos;Windows 10&apos;, os.arch: &apos;amd64&apos;, os.version: &apos;10.0&apos;, java.version: &apos;1.8.0_271&apos;
Driver info: driver.version: ChromeDriver
	at org.openqa.selenium.remote.service.DriverService.start(DriverService.java:210)
	at org.openqa.selenium.remote.service.DriverCommandExecutor.execute(DriverCommandExecutor.java:83)
	at org.openqa.selenium.remote.RemoteWebDriver.execute(RemoteWebDriver.java:501)
	at org.openqa.selenium.remote.RemoteWebDriver.startSession(RemoteWebDriver.java:207)
	at org.openqa.selenium.remote.RemoteWebDriver.&lt;init&gt;(RemoteWebDriver.java:127)
	at org.openqa.selenium.chromium.ChromiumDriver.&lt;init&gt;(ChromiumDriver.java:93)
	at org.openqa.selenium.chrome.ChromeDriver.&lt;init&gt;(ChromeDriver.java:163)
	at org.openqa.selenium.chrome.ChromeDriver.&lt;init&gt;(ChromeDriver.java:150)
	at org.openqa.selenium.chrome.ChromeDriver.&lt;init&gt;(ChromeDriver.java:105)
	at Utilityclasses.TestUtility.openBrowser(TestUtility.java:53)
	at GlueCode.Stepdef1.launch_site_using_chrome(Stepdef1.java:117)
	at ?.launch site using &quot;chrome&quot;(file:///F:/batch%20251/selenium_framworks/Frameworks/org.magnitia.BDD/src/test/resources/features/feature1.feature:5)
Caused by: java.util.concurrent.ExecutionException: org.openqa.selenium.WebDriverException: java.lang.InterruptedException
Build info: version: &apos;4.0.0-alpha-7&apos;, revision: &apos;de8579b6d5&apos;
System info: host: &apos;DESKTOP-8G3MUB9&apos;, ip: &apos;192.168.0.106&apos;, os.name: &apos;Windows 10&apos;, os.arch: &apos;amd64&apos;, os.version: &apos;10.0&apos;, java.version: &apos;1.8.0_271&apos;
Driver info: driver.version: unknown
	at java.util.concurrent.CompletableFuture.reportGet(Unknown Source)
	at java.util.concurrent.CompletableFuture.get(Unknown Source)
	at org.openqa.selenium.remote.service.DriverService.start(DriverService.java:204)
	at org.openqa.selenium.remote.service.DriverCommandExecutor.execute(DriverCommandExecutor.java:83)
	at org.openqa.selenium.remote.RemoteWebDriver.execute(RemoteWebDriver.java:501)
	at org.openqa.selenium.remote.RemoteWebDriver.startSession(RemoteWebDriver.java:207)
	at org.openqa.selenium.remote.RemoteWebDriver.&lt;init&gt;(RemoteWebDriver.java:127)
	at org.openqa.selenium.chromium.ChromiumDriver.&lt;init&gt;(ChromiumDriver.java:93)
	at org.openqa.selenium.chrome.ChromeDriver.&lt;init&gt;(ChromeDriver.java:163)
	at org.openqa.selenium.chrome.ChromeDriver.&lt;init&gt;(ChromeDriver.java:150)
	at org.openqa.selenium.chrome.ChromeDriver.&lt;init&gt;(ChromeDriver.java:105)
	at Utilityclasses.TestUtility.openBrowser(TestUtility.java:53)
	at GlueCode.Stepdef1.launch_site_using_chrome(Stepdef1.java:117)
	at sun.reflect.NativeMethodAccessorImpl.invoke0(Native Method)
	at sun.reflect.NativeMethodAccessorImpl.invoke(Unknown Source)
	at sun.reflect.DelegatingMethodAccessorImpl.invoke(Unknown Source)
	at java.lang.reflect.Method.invoke(Unknown Source)
	at io.cucumber.java.Invoker.doInvoke(Invoker.java:66)
	at io.cucumber.java.Invoker.invoke(Invoker.java:24)
	at io.cucumber.java.AbstractGlueDefinition.invokeMethod(AbstractGlueDefinition.java:47)
	at io.cucumber.java.JavaStepDefinition.execute(JavaStepDefinition.java:29)
	at io.cucumber.core.runner.CoreStepDefinition.execute(CoreStepDefinition.java:66)
	at io.cucumber.core.runner.PickleStepDefinitionMatch.runStep(PickleStepDefinitionMatch.java:63)
	at io.cucumber.core.runner.ExecutionMode$1.execute(ExecutionMode.java:10)
	at io.cucumber.core.runner.TestStep.executeStep(TestStep.java:92)
	at io.cucumber.core.runner.TestStep.run(TestStep.java:64)
	at io.cucumber.core.runner.PickleStepTestStep.run(PickleStepTestStep.java:51)
	at io.cucumber.core.runner.TestCase.run(TestCase.java:104)
	at io.cucumber.core.runner.Runner.runPickle(Runner.java:71)
	at io.cucumber.testng.TestNGCucumberRunner.lambda$runScenario$0(TestNGCucumberRunner.java:116)
	at io.cucumber.core.runtime.CucumberExecutionContext.runTestCase(CucumberExecutionContext.java:117)
	at io.cucumber.testng.TestNGCucumberRunner.runScenario(TestNGCucumberRunner.java:113)
	at io.cucumber.testng.AbstractTestNGCucumberTests.runScenario(AbstractTestNGCucumberTests.java:31)
	at sun.reflect.NativeMethodAccessorImpl.invoke0(Native Method)
	at sun.reflect.NativeMethodAccessorImpl.invoke(Unknown Source)
	at sun.reflect.DelegatingMethodAccessorImpl.invoke(Unknown Source)
	at java.lang.reflect.Method.invoke(Unknown Source)
	at org.testng.internal.MethodInvocationHelper.invokeMethod(MethodInvocationHelper.java:134)
	at org.testng.internal.TestInvoker.invokeMethod(TestInvoker.java:597)
	at org.testng.internal.TestInvoker.invokeTestMethod(TestInvoker.java:173)
	at org.testng.internal.MethodRunner.runInSequence(MethodRunner.java:46)
	at org.testng.internal.TestInvoker$MethodInvocationAgent.invoke(TestInvoker.java:816)
	at org.testng.internal.TestInvoker.invokeTestMethods(TestInvoker.java:146)
	at org.testng.internal.TestMethodWorker.invokeTestMethods(TestMethodWorker.java:146)
	at org.testng.internal.TestMethodWorker.run(TestMethodWorker.java:128)
	at java.util.ArrayList.forEach(Unknown Source)
	at org.testng.TestRunner.privateRun(TestRunner.java:766)
	at org.testng.TestRunner.run(TestRunner.java:587)
	at org.testng.SuiteRunner.runTest(SuiteRunner.java:384)
	at org.testng.SuiteRunner.runSequentially(SuiteRunner.java:378)
	at org.testng.SuiteRunner.privateRun(SuiteRunner.java:337)
	at org.testng.SuiteRunner.run(SuiteRunner.java:286)
	at org.testng.SuiteRunnerWorker.runSuite(SuiteRunnerWorker.java:53)
	at org.testng.SuiteRunnerWorker.run(SuiteRunnerWorker.java:96)
	at org.testng.TestNG.runSuitesSequentially(TestNG.java:1187)
	at org.testng.TestNG.runSuitesLocally(TestNG.java:1109)
	at org.testng.TestNG.runSuites(TestNG.java:1039)
	at org.testng.TestNG.run(TestNG.java:1007)
	at org.testng.remote.AbstractRemoteTestNG.run(AbstractRemoteTestNG.java:115)
	at org.testng.remote.RemoteTestNG.initAndRun(RemoteTestNG.java:251)
	at org.testng.remote.RemoteTestNG.main(RemoteTestNG.java:77)
Caused by: org.openqa.selenium.WebDriverException: java.lang.InterruptedException
Build info: version: &apos;4.0.0-alpha-7&apos;, revision: &apos;de8579b6d5&apos;
System info: host: &apos;DESKTOP-8G3MUB9&apos;, ip: &apos;192.168.0.106&apos;, os.name: &apos;Windows 10&apos;, os.arch: &apos;amd64&apos;, os.version: &apos;10.0&apos;, java.version: &apos;1.8.0_271&apos;
Driver info: driver.version: unknown
	at org.openqa.selenium.os.CommandLine.waitFor(CommandLine.java:130)
	at org.openqa.selenium.remote.service.DriverService.lambda$start$1(DriverService.java:198)
	at java.util.concurrent.CompletableFuture$AsyncSupply.run(Unknown Source)
	at java.util.concurrent.CompletableFuture$AsyncSupply.exec(Unknown Source)
	at java.util.concurrent.ForkJoinTask.doExec(Unknown Source)
	at java.util.concurrent.ForkJoinPool$WorkQueue.runTask(Unknown Source)
	at java.util.concurrent.ForkJoinPool.runWorker(Unknown Source)
	at java.util.concurrent.ForkJoinWorkerThread.run(Unknown Source)
Caused by: java.lang.InterruptedException
	at org.openqa.selenium.os.OsProcess.waitFor(OsProcess.java:164)
	at org.openqa.selenium.os.CommandLine.waitFor(CommandLine.java:127)
	... 7 more
</pre></div></td>
<td>0</td>
<td>Tests.Runner1@3d299e3</td></tr>
<tr>
<td title='Tests.Runner1.runScenario()'><b>runScenario</b><br>Test class: Tests.Runner1<br>Test method: Runs Cucumber Scenarios<br>Parameters: "Validate password in login page", "Optional[Gmail Login]"</td>
<td><div><pre>java.lang.AssertionError
	at org.junit.Assert.fail(Assert.java:86)
	at org.junit.Assert.assertTrue(Assert.java:41)
	at org.junit.Assert.assertTrue(Assert.java:52)
	at GlueCode.Stepdef1.method4(Stepdef1.java:159)
	at ?.Validate outcome related to given password criteria like valid(file:///F:/batch%20251/selenium_framworks/Frameworks/org.magnitia.BDD/src/test/resources/features/feature2.feature:10)
</pre></div><a href='#' onClick='toggleBox("stack-trace954723689", this, "Click to show all stack frames", "Click to hide stack frames")'>Click to show all stack frames</a>
<div class='stack-trace' id='stack-trace954723689'><pre>java.lang.AssertionError
	at org.junit.Assert.fail(Assert.java:86)
	at org.junit.Assert.assertTrue(Assert.java:41)
	at org.junit.Assert.assertTrue(Assert.java:52)
	at GlueCode.Stepdef1.method4(Stepdef1.java:159)
	at ?.Validate outcome related to given password criteria like valid(file:///F:/batch%20251/selenium_framworks/Frameworks/org.magnitia.BDD/src/test/resources/features/feature2.feature:10)
</pre></div></td>
<td>9</td>
<td>Tests.Runner1@3d299e3</td></tr>
<tr>
<td title='Tests.Runner1.runScenario()'><b>runScenario</b><br>Test class: Tests.Runner1<br>Test method: Runs Cucumber Scenarios<br>Parameters: "Validate password in login page", "Optional[Gmail Login]"</td>
<td><div><pre>java.lang.AssertionError
	at org.junit.Assert.fail(Assert.java:86)
	at org.junit.Assert.assertTrue(Assert.java:41)
	at org.junit.Assert.assertTrue(Assert.java:52)
	at GlueCode.Stepdef1.method4(Stepdef1.java:159)
	at ?.Validate outcome related to given password criteria like valid(file:///F:/batch%20251/selenium_framworks/Frameworks/org.magnitia.BDD/src/test/resources/features/feature2.feature:10)
</pre></div><a href='#' onClick='toggleBox("stack-trace164052991", this, "Click to show all stack frames", "Click to hide stack frames")'>Click to show all stack frames</a>
<div class='stack-trace' id='stack-trace164052991'><pre>java.lang.AssertionError
	at org.junit.Assert.fail(Assert.java:86)
	at org.junit.Assert.assertTrue(Assert.java:41)
	at org.junit.Assert.assertTrue(Assert.java:52)
	at GlueCode.Stepdef1.method4(Stepdef1.java:159)
	at ?.Validate outcome related to given password criteria like valid(file:///F:/batch%20251/selenium_framworks/Frameworks/org.magnitia.BDD/src/test/resources/features/feature2.feature:10)
</pre></div></td>
<td>32</td>
<td>Tests.Runner1@3d299e3</td></tr>
<tr>
<td title='Tests.Runner1.runScenario()'><b>runScenario</b><br>Test class: Tests.Runner1<br>Test method: Runs Cucumber Scenarios<br>Parameters: "Validate password in login page", "Optional[Gmail Login]"</td>
<td><div><pre>java.lang.AssertionError
	at org.junit.Assert.fail(Assert.java:86)
	at org.junit.Assert.assertTrue(Assert.java:41)
	at org.junit.Assert.assertTrue(Assert.java:52)
	at GlueCode.Stepdef1.method4(Stepdef1.java:159)
	at ?.Validate outcome related to given password criteria like valid(file:///F:/batch%20251/selenium_framworks/Frameworks/org.magnitia.BDD/src/test/resources/features/feature2.feature:10)
</pre></div><a href='#' onClick='toggleBox("stack-trace1328349514", this, "Click to show all stack frames", "Click to hide stack frames")'>Click to show all stack frames</a>
<div class='stack-trace' id='stack-trace1328349514'><pre>java.lang.AssertionError
	at org.junit.Assert.fail(Assert.java:86)
	at org.junit.Assert.assertTrue(Assert.java:41)
	at org.junit.Assert.assertTrue(Assert.java:52)
	at GlueCode.Stepdef1.method4(Stepdef1.java:159)
	at ?.Validate outcome related to given password criteria like valid(file:///F:/batch%20251/selenium_framworks/Frameworks/org.magnitia.BDD/src/test/resources/features/feature2.feature:10)
</pre></div></td>
<td>14</td>
<td>Tests.Runner1@3d299e3</td></tr>
<tr>
<td title='Tests.Runner1.runScenario()'><b>runScenario</b><br>Test class: Tests.Runner1<br>Test method: Runs Cucumber Scenarios<br>Parameters: "Validate password in login page", "Optional[Gmail Login]"</td>
<td><div><pre>java.lang.AssertionError
	at org.junit.Assert.fail(Assert.java:86)
	at org.junit.Assert.assertTrue(Assert.java:41)
	at org.junit.Assert.assertTrue(Assert.java:52)
	at GlueCode.Stepdef1.method4(Stepdef1.java:159)
	at ?.Validate outcome related to given password criteria like valid(file:///F:/batch%20251/selenium_framworks/Frameworks/org.magnitia.BDD/src/test/resources/features/feature2.feature:10)
</pre></div><a href='#' onClick='toggleBox("stack-trace458736453", this, "Click to show all stack frames", "Click to hide stack frames")'>Click to show all stack frames</a>
<div class='stack-trace' id='stack-trace458736453'><pre>java.lang.AssertionError
	at org.junit.Assert.fail(Assert.java:86)
	at org.junit.Assert.assertTrue(Assert.java:41)
	at org.junit.Assert.assertTrue(Assert.java:52)
	at GlueCode.Stepdef1.method4(Stepdef1.java:159)
	at ?.Validate outcome related to given password criteria like valid(file:///F:/batch%20251/selenium_framworks/Frameworks/org.magnitia.BDD/src/test/resources/features/feature2.feature:10)
</pre></div></td>
<td>18</td>
<td>Tests.Runner1@3d299e3</td></tr>
<tr>
<td title='Tests.Runner1.runScenario()'><b>runScenario</b><br>Test class: Tests.Runner1<br>Test method: Runs Cucumber Scenarios<br>Parameters: "Validate password in login page", "Optional[Gmail Login]"</td>
<td><div><pre>java.lang.AssertionError
	at org.junit.Assert.fail(Assert.java:86)
	at org.junit.Assert.assertTrue(Assert.java:41)
	at org.junit.Assert.assertTrue(Assert.java:52)
	at GlueCode.Stepdef1.method4(Stepdef1.java:159)
	at ?.Validate outcome related to given password criteria like invalid(file:///F:/batch%20251/selenium_framworks/Frameworks/org.magnitia.BDD/src/test/resources/features/feature2.feature:10)
</pre></div><a href='#' onClick='toggleBox("stack-trace1267255950", this, "Click to show all stack frames", "Click to hide stack frames")'>Click to show all stack frames</a>
<div class='stack-trace' id='stack-trace1267255950'><pre>java.lang.AssertionError
	at org.junit.Assert.fail(Assert.java:86)
	at org.junit.Assert.assertTrue(Assert.java:41)
	at org.junit.Assert.assertTrue(Assert.java:52)
	at GlueCode.Stepdef1.method4(Stepdef1.java:159)
	at ?.Validate outcome related to given password criteria like invalid(file:///F:/batch%20251/selenium_framworks/Frameworks/org.magnitia.BDD/src/test/resources/features/feature2.feature:10)
</pre></div></td>
<td>18</td>
<td>Tests.Runner1@3d299e3</td></tr>
<tr>
<td title='Tests.Runner1.runScenario()'><b>runScenario</b><br>Test class: Tests.Runner1<br>Test method: Runs Cucumber Scenarios<br>Parameters: "Validate password in login page", "Optional[Gmail Login]"</td>
<td><div><pre>java.lang.AssertionError
	at org.junit.Assert.fail(Assert.java:86)
	at org.junit.Assert.assertTrue(Assert.java:41)
	at org.junit.Assert.assertTrue(Assert.java:52)
	at GlueCode.Stepdef1.method4(Stepdef1.java:159)
	at ?.Validate outcome related to given password criteria like invalid(file:///F:/batch%20251/selenium_framworks/Frameworks/org.magnitia.BDD/src/test/resources/features/feature2.feature:10)
</pre></div><a href='#' onClick='toggleBox("stack-trace678538385", this, "Click to show all stack frames", "Click to hide stack frames")'>Click to show all stack frames</a>
<div class='stack-trace' id='stack-trace678538385'><pre>java.lang.AssertionError
	at org.junit.Assert.fail(Assert.java:86)
	at org.junit.Assert.assertTrue(Assert.java:41)
	at org.junit.Assert.assertTrue(Assert.java:52)
	at GlueCode.Stepdef1.method4(Stepdef1.java:159)
	at ?.Validate outcome related to given password criteria like invalid(file:///F:/batch%20251/selenium_framworks/Frameworks/org.magnitia.BDD/src/test/resources/features/feature2.feature:10)
</pre></div></td>
<td>23</td>
<td>Tests.Runner1@3d299e3</td></tr>
<tr>
<td title='Tests.Runner1.runScenario()'><b>runScenario</b><br>Test class: Tests.Runner1<br>Test method: Runs Cucumber Scenarios<br>Parameters: "Validate password in login page", "Optional[Gmail Login]"</td>
<td><div><pre>java.lang.AssertionError
	at org.junit.Assert.fail(Assert.java:86)
	at org.junit.Assert.assertTrue(Assert.java:41)
	at org.junit.Assert.assertTrue(Assert.java:52)
	at GlueCode.Stepdef1.method4(Stepdef1.java:159)
	at ?.Validate outcome related to given password criteria like invalid(file:///F:/batch%20251/selenium_framworks/Frameworks/org.magnitia.BDD/src/test/resources/features/feature2.feature:10)
</pre></div><a href='#' onClick='toggleBox("stack-trace1607745112", this, "Click to show all stack frames", "Click to hide stack frames")'>Click to show all stack frames</a>
<div class='stack-trace' id='stack-trace1607745112'><pre>java.lang.AssertionError
	at org.junit.Assert.fail(Assert.java:86)
	at org.junit.Assert.assertTrue(Assert.java:41)
	at org.junit.Assert.assertTrue(Assert.java:52)
	at GlueCode.Stepdef1.method4(Stepdef1.java:159)
	at ?.Validate outcome related to given password criteria like invalid(file:///F:/batch%20251/selenium_framworks/Frameworks/org.magnitia.BDD/src/test/resources/features/feature2.feature:10)
</pre></div></td>
<td>12</td>
<td>Tests.Runner1@3d299e3</td></tr>
<tr>
<td title='Tests.Runner1.runScenario()'><b>runScenario</b><br>Test class: Tests.Runner1<br>Test method: Runs Cucumber Scenarios<br>Parameters: "Validate password in login page", "Optional[Gmail Login]"</td>
<td><div><pre>java.lang.AssertionError
	at org.junit.Assert.fail(Assert.java:86)
	at org.junit.Assert.assertTrue(Assert.java:41)
	at org.junit.Assert.assertTrue(Assert.java:52)
	at GlueCode.Stepdef1.method4(Stepdef1.java:159)
	at ?.Validate outcome related to given password criteria like invalid(file:///F:/batch%20251/selenium_framworks/Frameworks/org.magnitia.BDD/src/test/resources/features/feature2.feature:10)
</pre></div><a href='#' onClick='toggleBox("stack-trace427615079", this, "Click to show all stack frames", "Click to hide stack frames")'>Click to show all stack frames</a>
<div class='stack-trace' id='stack-trace427615079'><pre>java.lang.AssertionError
	at org.junit.Assert.fail(Assert.java:86)
	at org.junit.Assert.assertTrue(Assert.java:41)
	at org.junit.Assert.assertTrue(Assert.java:52)
	at GlueCode.Stepdef1.method4(Stepdef1.java:159)
	at ?.Validate outcome related to given password criteria like invalid(file:///F:/batch%20251/selenium_framworks/Frameworks/org.magnitia.BDD/src/test/resources/features/feature2.feature:10)
</pre></div></td>
<td>17</td>
<td>Tests.Runner1@3d299e3</td></tr>
<tr>
<td title='Tests.Runner1.runScenario()'><b>runScenario</b><br>Test class: Tests.Runner1<br>Test method: Runs Cucumber Scenarios<br>Parameters: "Validate password in login page", "Optional[Gmail Login]"</td>
<td><div><pre>java.lang.AssertionError
	at org.junit.Assert.fail(Assert.java:86)
	at org.junit.Assert.assertTrue(Assert.java:41)
	at org.junit.Assert.assertTrue(Assert.java:52)
	at GlueCode.Stepdef1.method4(Stepdef1.java:159)
	at ?.Validate outcome related to given password criteria like blank(file:///F:/batch%20251/selenium_framworks/Frameworks/org.magnitia.BDD/src/test/resources/features/feature2.feature:10)
</pre></div><a href='#' onClick='toggleBox("stack-trace1436136891", this, "Click to show all stack frames", "Click to hide stack frames")'>Click to show all stack frames</a>
<div class='stack-trace' id='stack-trace1436136891'><pre>java.lang.AssertionError
	at org.junit.Assert.fail(Assert.java:86)
	at org.junit.Assert.assertTrue(Assert.java:41)
	at org.junit.Assert.assertTrue(Assert.java:52)
	at GlueCode.Stepdef1.method4(Stepdef1.java:159)
	at ?.Validate outcome related to given password criteria like blank(file:///F:/batch%20251/selenium_framworks/Frameworks/org.magnitia.BDD/src/test/resources/features/feature2.feature:10)
</pre></div></td>
<td>11</td>
<td>Tests.Runner1@3d299e3</td></tr>
<tr>
<td title='Tests.Runner1.runScenario()'><b>runScenario</b><br>Test class: Tests.Runner1<br>Test method: Runs Cucumber Scenarios<br>Parameters: "Validate password in login page", "Optional[Gmail Login]"</td>
<td><div><pre>java.lang.AssertionError
	at org.junit.Assert.fail(Assert.java:86)
	at org.junit.Assert.assertTrue(Assert.java:41)
	at org.junit.Assert.assertTrue(Assert.java:52)
	at GlueCode.Stepdef1.method4(Stepdef1.java:159)
	at ?.Validate outcome related to given password criteria like blank(file:///F:/batch%20251/selenium_framworks/Frameworks/org.magnitia.BDD/src/test/resources/features/feature2.feature:10)
</pre></div><a href='#' onClick='toggleBox("stack-trace1051471498", this, "Click to show all stack frames", "Click to hide stack frames")'>Click to show all stack frames</a>
<div class='stack-trace' id='stack-trace1051471498'><pre>java.lang.AssertionError
	at org.junit.Assert.fail(Assert.java:86)
	at org.junit.Assert.assertTrue(Assert.java:41)
	at org.junit.Assert.assertTrue(Assert.java:52)
	at GlueCode.Stepdef1.method4(Stepdef1.java:159)
	at ?.Validate outcome related to given password criteria like blank(file:///F:/batch%20251/selenium_framworks/Frameworks/org.magnitia.BDD/src/test/resources/features/feature2.feature:10)
</pre></div></td>
<td>13</td>
<td>Tests.Runner1@3d299e3</td></tr>
<tr>
<td title='Tests.Runner1.runScenario()'><b>runScenario</b><br>Test class: Tests.Runner1<br>Test method: Runs Cucumber Scenarios<br>Parameters: "Validate password in login page", "Optional[Gmail Login]"</td>
<td><div><pre>java.lang.AssertionError
	at org.junit.Assert.fail(Assert.java:86)
	at org.junit.Assert.assertTrue(Assert.java:41)
	at org.junit.Assert.assertTrue(Assert.java:52)
	at GlueCode.Stepdef1.method4(Stepdef1.java:159)
	at ?.Validate outcome related to given password criteria like blank(file:///F:/batch%20251/selenium_framworks/Frameworks/org.magnitia.BDD/src/test/resources/features/feature2.feature:10)
</pre></div><a href='#' onClick='toggleBox("stack-trace831784708", this, "Click to show all stack frames", "Click to hide stack frames")'>Click to show all stack frames</a>
<div class='stack-trace' id='stack-trace831784708'><pre>java.lang.AssertionError
	at org.junit.Assert.fail(Assert.java:86)
	at org.junit.Assert.assertTrue(Assert.java:41)
	at org.junit.Assert.assertTrue(Assert.java:52)
	at GlueCode.Stepdef1.method4(Stepdef1.java:159)
	at ?.Validate outcome related to given password criteria like blank(file:///F:/batch%20251/selenium_framworks/Frameworks/org.magnitia.BDD/src/test/resources/features/feature2.feature:10)
</pre></div></td>
<td>20</td>
<td>Tests.Runner1@3d299e3</td></tr>
<tr>
<td title='Tests.Runner1.runScenario()'><b>runScenario</b><br>Test class: Tests.Runner1<br>Test method: Runs Cucumber Scenarios<br>Parameters: "Validate password in login page", "Optional[Gmail Login]"</td>
<td><div><pre>java.lang.AssertionError
	at org.junit.Assert.fail(Assert.java:86)
	at org.junit.Assert.assertTrue(Assert.java:41)
	at org.junit.Assert.assertTrue(Assert.java:52)
	at GlueCode.Stepdef1.method4(Stepdef1.java:159)
	at ?.Validate outcome related to given password criteria like blank(file:///F:/batch%20251/selenium_framworks/Frameworks/org.magnitia.BDD/src/test/resources/features/feature2.feature:10)
</pre></div><a href='#' onClick='toggleBox("stack-trace653745564", this, "Click to show all stack frames", "Click to hide stack frames")'>Click to show all stack frames</a>
<div class='stack-trace' id='stack-trace653745564'><pre>java.lang.AssertionError
	at org.junit.Assert.fail(Assert.java:86)
	at org.junit.Assert.assertTrue(Assert.java:41)
	at org.junit.Assert.assertTrue(Assert.java:52)
	at GlueCode.Stepdef1.method4(Stepdef1.java:159)
	at ?.Validate outcome related to given password criteria like blank(file:///F:/batch%20251/selenium_framworks/Frameworks/org.magnitia.BDD/src/test/resources/features/feature2.feature:10)
</pre></div></td>
<td>14</td>
<td>Tests.Runner1@3d299e3</td></tr>
<tr>
<td title='Tests.Runner1.runScenario()'><b>runScenario</b><br>Test class: Tests.Runner1<br>Test method: Runs Cucumber Scenarios<br>Parameters: "Validate mail compose", "Optional[GmailCompose]"</td>
<td><div><pre>java.io.FileNotFoundException: \src\test\resources\Testdata\Book1.xlsx (The system cannot find the path specified)
	at java.io.FileInputStream.open0(Native Method)
	at java.io.FileInputStream.open(Unknown Source)
	at java.io.FileInputStream.&lt;init&gt;(Unknown Source)
	at Utilityclasses.ExcelUtility.&lt;init&gt;(ExcelUtility.java:30)
	at GlueCode.Stepdef2.method1(Stepdef2.java:44)
	at ?.send mail and test by taking data from excel(file:///F:/batch%20251/selenium_framworks/Frameworks/org.magnitia.BDD/src/test/resources/features/feature4.feature:9)
</pre></div><a href='#' onClick='toggleBox("stack-trace187540389", this, "Click to show all stack frames", "Click to hide stack frames")'>Click to show all stack frames</a>
<div class='stack-trace' id='stack-trace187540389'><pre>java.io.FileNotFoundException: \src\test\resources\Testdata\Book1.xlsx (The system cannot find the path specified)
	at java.io.FileInputStream.open0(Native Method)
	at java.io.FileInputStream.open(Unknown Source)
	at java.io.FileInputStream.&lt;init&gt;(Unknown Source)
	at Utilityclasses.ExcelUtility.&lt;init&gt;(ExcelUtility.java:30)
	at GlueCode.Stepdef2.method1(Stepdef2.java:44)
	at ?.send mail and test by taking data from excel(file:///F:/batch%20251/selenium_framworks/Frameworks/org.magnitia.BDD/src/test/resources/features/feature4.feature:9)
</pre></div></td>
<td>9</td>
<td>Tests.Runner1@3d299e3</td></tr>
</table><p>
<table width='100%' border='1' class='invocation-passed'>
<tr><td colspan='4' align='center'><b>PASSED TESTS</b></td></tr>
<tr><td><b>Test method</b></td>
<td width="30%"><b>Exception</b></td>
<td width="10%"><b>Time (seconds)</b></td>
<td><b>Instance</b></td>
</tr>
<tr>
<td title='Tests.Runner1.runScenario()'><b>runScenario</b><br>Test class: Tests.Runner1<br>Test method: Runs Cucumber Scenarios<br>Parameters: "Validate Gmail homepage title", "Optional[Gmail HomePage]"</td>
<td></td>
<td>13</td>
<td>Tests.Runner1@3d299e3</td></tr>
<tr>
<td title='Tests.Runner1.runScenario()'><b>runScenario</b><br>Test class: Tests.Runner1<br>Test method: Runs Cucumber Scenarios<br>Parameters: "Validate userid Login in homePage", "Optional[Gmail HomePage]"</td>
<td></td>
<td>8</td>
<td>Tests.Runner1@3d299e3</td></tr>
<tr>
<td title='Tests.Runner1.runScenario()'><b>runScenario</b><br>Test class: Tests.Runner1<br>Test method: Runs Cucumber Scenarios<br>Parameters: "Validate userid in homePage", "Optional[Gmail HomePage]"</td>
<td></td>
<td>11</td>
<td>Tests.Runner1@3d299e3</td></tr>
<tr>
<td title='Tests.Runner1.runScenario()'><b>runScenario</b><br>Test class: Tests.Runner1<br>Test method: Runs Cucumber Scenarios<br>Parameters: "Validate mail compose", "Optional[Gmail compose]"</td>
<td></td>
<td>85</td>
<td>Tests.Runner1@3d299e3</td></tr>
</table><p>
</body>
</html>