<html>
<head>
<title>TestNG:  Test</title>
<link href="../testng.css" rel="stylesheet" type="text/css" />
<link href="../my-testng.css" rel="stylesheet" type="text/css" />

<style type="text/css">
.log { display: none;} 
.stack-trace { display: none;} 
</style>
<script type="text/javascript">
<!--
function flip(e) {
  current = e.style.display;
  if (current == 'block') {
    e.style.display = 'none';
    return 0;
  }
  else {
    e.style.display = 'block';
    return 1;
  }
}

function toggleBox(szDivId, elem, msg1, msg2)
{
  var res = -1;  if (document.getElementById) {
    res = flip(document.getElementById(szDivId));
  }
  else if (document.all) {
    // this is the way old msie versions work
    res = flip(document.all[szDivId]);
  }
  if(elem) {
    if(res == 0) elem.innerHTML = msg1; else elem.innerHTML = msg2;
  }

}

function toggleAllBoxes() {
  if (document.getElementsByTagName) {
    d = document.getElementsByTagName('div');
    for (i = 0; i < d.length; i++) {
      if (d[i].className == 'log') {
        flip(d[i]);
      }
    }
  }
}

// -->
</script>

</head>
<body>
<h2 align='center'>Test</h2><table border='1' align="center">
<tr>
<td>Tests passed/Failed/Skipped:</td><td>15/3/0</td>
</tr><tr>
<td>Started on:</td><td>Tue Apr 06 12:31:39 IST 2021</td>
</tr>
<tr><td>Total time:</td><td>327 seconds (327798 ms)</td>
</tr><tr>
<td>Included groups:</td><td></td>
</tr><tr>
<td>Excluded groups:</td><td></td>
</tr>
</table><p/>
<small><i>(Hover the method name to see the test class name)</i></small><p/>
<table width='100%' border='1' class='invocation-failed'>
<tr><td colspan='4' align='center'><b>FAILED TESTS</b></td></tr>
<tr><td><b>Test method</b></td>
<td width="30%"><b>Exception</b></td>
<td width="10%"><b>Time (seconds)</b></td>
<td><b>Instance</b></td>
</tr>
<tr>
<td title='Tests.Runner1.runScenario()'><b>runScenario</b><br>Test class: Tests.Runner1<br>Test method: Runs Cucumber Scenarios<br>Parameters: "Validate invalid password in login page", "Optional[Gmail Login]"</td>
<td><div><pre>org.openqa.selenium.StaleElementReferenceException: The element reference of &lt;button class=&quot;VfPpkd-LgbsSe VfPpkd-LgbsSe-OWXEXe-k8QpJ VfPpkd-LgbsSe-OWXEXe-dgl2Hf nCP5yc AjY5Oe DuMIQc qIypjc TrZEUc lw1w4b&quot; type=&quot;button&quot;&gt; is stale; either the element is no longer attached to the DOM, it is not in the current frame context, or the document has been refreshed
For documentation on this error, please visit: https://selenium.dev/exceptions/#stale_element_reference
Build info: version: &apos;4.0.0-alpha-7&apos;, revision: &apos;de8579b6d5&apos;
System info: host: &apos;DESKTOP-8G3MUB9&apos;, ip: &apos;192.168.0.106&apos;, os.name: &apos;Windows 10&apos;, os.arch: &apos;amd64&apos;, os.version: &apos;10.0&apos;, java.version: &apos;1.8.0_271&apos;
Driver info: org.openqa.selenium.firefox.FirefoxDriver
Capabilities {acceptInsecureCerts: true, browserName: firefox, browserVersion: 83.0, javascriptEnabled: true, moz:accessibilityChecks: false, moz:buildID: 20201112153044, moz:geckodriverVersion: 0.29.0, moz:headless: false, moz:processID: 9500, moz:profile: C:\Users\prane\AppData\Loca..., moz:shutdownTimeout: 60000, moz:useNonSpecCompliantPointerOrigin: false, moz:webdriverClick: true, pageLoadStrategy: normal, platform: WINDOWS, platformName: WINDOWS, platformVersion: 10.0, rotatable: false, setWindowRect: true, strictFileInteractability: false, timeouts: {implicit: 0, pageLoad: 300000, script: 30000}, unhandledPromptBehavior: dismiss and notify}
Session ID: 10a3242a-4c74-437f-a6db-7ee85cdc6c1b
	at org.openqa.selenium.remote.codec.w3c.W3CHttpResponseCodec.createException(W3CHttpResponseCodec.java:196)
	at org.openqa.selenium.remote.codec.w3c.W3CHttpResponseCodec.decode(W3CHttpResponseCodec.java:129)
	at org.openqa.selenium.remote.codec.w3c.W3CHttpResponseCodec.decode(W3CHttpResponseCodec.java:53)
	at org.openqa.selenium.remote.HttpCommandExecutor.execute(HttpCommandExecutor.java:167)
	at org.openqa.selenium.remote.service.DriverCommandExecutor.execute(DriverCommandExecutor.java:123)
	at org.openqa.selenium.remote.RemoteWebDriver.execute(RemoteWebDriver.java:501)
	at org.openqa.selenium.remote.RemoteWebElement.execute(RemoteWebElement.java:238)
	at org.openqa.selenium.remote.RemoteWebElement.click(RemoteWebElement.java:79)
	at org.openqa.selenium.support.pagefactory.internal.LocatingElementHandler.invoke(LocatingElementHandler.java:52)
	at com.sun.proxy.$Proxy28.click(Unknown Source)
	at Pageclasses.LoginPage.isNextpwd(LoginPage.java:40)
	at GlueCode.Stepdef1.click_password_next_button(Stepdef1.java:133)
	at ?.click password next button(file:///F:/batch%20251/selenium_framworks/Frameworks/org.magnitia.BDD/src/test/resources/features/feature2.feature:24)
... Removed 8 stack frames</pre></div><a href='#' onClick='toggleBox("stack-trace731487976", this, "Click to show all stack frames", "Click to hide stack frames")'>Click to show all stack frames</a>
<div class='stack-trace' id='stack-trace731487976'><pre>org.openqa.selenium.StaleElementReferenceException: The element reference of &lt;button class=&quot;VfPpkd-LgbsSe VfPpkd-LgbsSe-OWXEXe-k8QpJ VfPpkd-LgbsSe-OWXEXe-dgl2Hf nCP5yc AjY5Oe DuMIQc qIypjc TrZEUc lw1w4b&quot; type=&quot;button&quot;&gt; is stale; either the element is no longer attached to the DOM, it is not in the current frame context, or the document has been refreshed
For documentation on this error, please visit: https://selenium.dev/exceptions/#stale_element_reference
Build info: version: &apos;4.0.0-alpha-7&apos;, revision: &apos;de8579b6d5&apos;
System info: host: &apos;DESKTOP-8G3MUB9&apos;, ip: &apos;192.168.0.106&apos;, os.name: &apos;Windows 10&apos;, os.arch: &apos;amd64&apos;, os.version: &apos;10.0&apos;, java.version: &apos;1.8.0_271&apos;
Driver info: org.openqa.selenium.firefox.FirefoxDriver
Capabilities {acceptInsecureCerts: true, browserName: firefox, browserVersion: 83.0, javascriptEnabled: true, moz:accessibilityChecks: false, moz:buildID: 20201112153044, moz:geckodriverVersion: 0.29.0, moz:headless: false, moz:processID: 9500, moz:profile: C:\Users\prane\AppData\Loca..., moz:shutdownTimeout: 60000, moz:useNonSpecCompliantPointerOrigin: false, moz:webdriverClick: true, pageLoadStrategy: normal, platform: WINDOWS, platformName: WINDOWS, platformVersion: 10.0, rotatable: false, setWindowRect: true, strictFileInteractability: false, timeouts: {implicit: 0, pageLoad: 300000, script: 30000}, unhandledPromptBehavior: dismiss and notify}
Session ID: 10a3242a-4c74-437f-a6db-7ee85cdc6c1b
	at sun.reflect.NativeConstructorAccessorImpl.newInstance0(Native Method)
	at sun.reflect.NativeConstructorAccessorImpl.newInstance(Unknown Source)
	at sun.reflect.DelegatingConstructorAccessorImpl.newInstance(Unknown Source)
	at java.lang.reflect.Constructor.newInstance(Unknown Source)
	at org.openqa.selenium.remote.codec.w3c.W3CHttpResponseCodec.createException(W3CHttpResponseCodec.java:196)
	at org.openqa.selenium.remote.codec.w3c.W3CHttpResponseCodec.decode(W3CHttpResponseCodec.java:129)
	at org.openqa.selenium.remote.codec.w3c.W3CHttpResponseCodec.decode(W3CHttpResponseCodec.java:53)
	at org.openqa.selenium.remote.HttpCommandExecutor.execute(HttpCommandExecutor.java:167)
	at org.openqa.selenium.remote.service.DriverCommandExecutor.execute(DriverCommandExecutor.java:123)
	at org.openqa.selenium.remote.RemoteWebDriver.execute(RemoteWebDriver.java:501)
	at org.openqa.selenium.remote.RemoteWebElement.execute(RemoteWebElement.java:238)
	at org.openqa.selenium.remote.RemoteWebElement.click(RemoteWebElement.java:79)
	at sun.reflect.NativeMethodAccessorImpl.invoke0(Native Method)
	at sun.reflect.NativeMethodAccessorImpl.invoke(Unknown Source)
	at sun.reflect.DelegatingMethodAccessorImpl.invoke(Unknown Source)
	at java.lang.reflect.Method.invoke(Unknown Source)
	at org.openqa.selenium.support.pagefactory.internal.LocatingElementHandler.invoke(LocatingElementHandler.java:52)
	at com.sun.proxy.$Proxy28.click(Unknown Source)
	at Pageclasses.LoginPage.isNextpwd(LoginPage.java:40)
	at GlueCode.Stepdef1.click_password_next_button(Stepdef1.java:133)
	at ?.click password next button(file:///F:/batch%20251/selenium_framworks/Frameworks/org.magnitia.BDD/src/test/resources/features/feature2.feature:24)
</pre></div></td>
<td>12</td>
<td>Tests.Runner1@3d299e3</td></tr>
<tr>
<td title='Tests.Runner1.runScenario()'><b>runScenario</b><br>Test class: Tests.Runner1<br>Test method: Runs Cucumber Scenarios<br>Parameters: "Validate invalid password in login page", "Optional[Gmail Login]"</td>
<td><div><pre>org.openqa.selenium.ElementNotInteractableException: Element &lt;button class=&quot;VfPpkd-LgbsSe VfPpkd-LgbsSe-OWXEXe-k8QpJ VfPpkd-LgbsSe-OWXEXe-dgl2Hf nCP5yc AjY5Oe DuMIQc qIypjc TrZEUc lw1w4b&quot; type=&quot;button&quot;&gt; could not be scrolled into view
Build info: version: &apos;4.0.0-alpha-7&apos;, revision: &apos;de8579b6d5&apos;
System info: host: &apos;DESKTOP-8G3MUB9&apos;, ip: &apos;192.168.0.106&apos;, os.name: &apos;Windows 10&apos;, os.arch: &apos;amd64&apos;, os.version: &apos;10.0&apos;, java.version: &apos;1.8.0_271&apos;
Driver info: org.openqa.selenium.firefox.FirefoxDriver
Capabilities {acceptInsecureCerts: true, browserName: firefox, browserVersion: 83.0, javascriptEnabled: true, moz:accessibilityChecks: false, moz:buildID: 20201112153044, moz:geckodriverVersion: 0.29.0, moz:headless: false, moz:processID: 30052, moz:profile: C:\Users\prane\AppData\Loca..., moz:shutdownTimeout: 60000, moz:useNonSpecCompliantPointerOrigin: false, moz:webdriverClick: true, pageLoadStrategy: normal, platform: WINDOWS, platformName: WINDOWS, platformVersion: 10.0, rotatable: false, setWindowRect: true, strictFileInteractability: false, timeouts: {implicit: 0, pageLoad: 300000, script: 30000}, unhandledPromptBehavior: dismiss and notify}
Session ID: 1ddc2cf2-5b97-43cc-8675-90361207bdd6
	at org.openqa.selenium.remote.codec.w3c.W3CHttpResponseCodec.createException(W3CHttpResponseCodec.java:196)
	at org.openqa.selenium.remote.codec.w3c.W3CHttpResponseCodec.decode(W3CHttpResponseCodec.java:129)
	at org.openqa.selenium.remote.codec.w3c.W3CHttpResponseCodec.decode(W3CHttpResponseCodec.java:53)
	at org.openqa.selenium.remote.HttpCommandExecutor.execute(HttpCommandExecutor.java:167)
	at org.openqa.selenium.remote.service.DriverCommandExecutor.execute(DriverCommandExecutor.java:123)
	at org.openqa.selenium.remote.RemoteWebDriver.execute(RemoteWebDriver.java:501)
	at org.openqa.selenium.remote.RemoteWebElement.execute(RemoteWebElement.java:238)
	at org.openqa.selenium.remote.RemoteWebElement.click(RemoteWebElement.java:79)
	at org.openqa.selenium.support.pagefactory.internal.LocatingElementHandler.invoke(LocatingElementHandler.java:52)
	at com.sun.proxy.$Proxy28.click(Unknown Source)
	at Pageclasses.LoginPage.isNextpwd(LoginPage.java:40)
	at GlueCode.Stepdef1.click_password_next_button(Stepdef1.java:133)
	at ?.click password next button(file:///F:/batch%20251/selenium_framworks/Frameworks/org.magnitia.BDD/src/test/resources/features/feature2.feature:24)
... Removed 7 stack frames</pre></div><a href='#' onClick='toggleBox("stack-trace177589009", this, "Click to show all stack frames", "Click to hide stack frames")'>Click to show all stack frames</a>
<div class='stack-trace' id='stack-trace177589009'><pre>org.openqa.selenium.ElementNotInteractableException: Element &lt;button class=&quot;VfPpkd-LgbsSe VfPpkd-LgbsSe-OWXEXe-k8QpJ VfPpkd-LgbsSe-OWXEXe-dgl2Hf nCP5yc AjY5Oe DuMIQc qIypjc TrZEUc lw1w4b&quot; type=&quot;button&quot;&gt; could not be scrolled into view
Build info: version: &apos;4.0.0-alpha-7&apos;, revision: &apos;de8579b6d5&apos;
System info: host: &apos;DESKTOP-8G3MUB9&apos;, ip: &apos;192.168.0.106&apos;, os.name: &apos;Windows 10&apos;, os.arch: &apos;amd64&apos;, os.version: &apos;10.0&apos;, java.version: &apos;1.8.0_271&apos;
Driver info: org.openqa.selenium.firefox.FirefoxDriver
Capabilities {acceptInsecureCerts: true, browserName: firefox, browserVersion: 83.0, javascriptEnabled: true, moz:accessibilityChecks: false, moz:buildID: 20201112153044, moz:geckodriverVersion: 0.29.0, moz:headless: false, moz:processID: 30052, moz:profile: C:\Users\prane\AppData\Loca..., moz:shutdownTimeout: 60000, moz:useNonSpecCompliantPointerOrigin: false, moz:webdriverClick: true, pageLoadStrategy: normal, platform: WINDOWS, platformName: WINDOWS, platformVersion: 10.0, rotatable: false, setWindowRect: true, strictFileInteractability: false, timeouts: {implicit: 0, pageLoad: 300000, script: 30000}, unhandledPromptBehavior: dismiss and notify}
Session ID: 1ddc2cf2-5b97-43cc-8675-90361207bdd6
	at sun.reflect.NativeConstructorAccessorImpl.newInstance0(Native Method)
	at sun.reflect.NativeConstructorAccessorImpl.newInstance(Unknown Source)
	at sun.reflect.DelegatingConstructorAccessorImpl.newInstance(Unknown Source)
	at java.lang.reflect.Constructor.newInstance(Unknown Source)
	at org.openqa.selenium.remote.codec.w3c.W3CHttpResponseCodec.createException(W3CHttpResponseCodec.java:196)
	at org.openqa.selenium.remote.codec.w3c.W3CHttpResponseCodec.decode(W3CHttpResponseCodec.java:129)
	at org.openqa.selenium.remote.codec.w3c.W3CHttpResponseCodec.decode(W3CHttpResponseCodec.java:53)
	at org.openqa.selenium.remote.HttpCommandExecutor.execute(HttpCommandExecutor.java:167)
	at org.openqa.selenium.remote.service.DriverCommandExecutor.execute(DriverCommandExecutor.java:123)
	at org.openqa.selenium.remote.RemoteWebDriver.execute(RemoteWebDriver.java:501)
	at org.openqa.selenium.remote.RemoteWebElement.execute(RemoteWebElement.java:238)
	at org.openqa.selenium.remote.RemoteWebElement.click(RemoteWebElement.java:79)
	at sun.reflect.GeneratedMethodAccessor98.invoke(Unknown Source)
	at sun.reflect.DelegatingMethodAccessorImpl.invoke(Unknown Source)
	at java.lang.reflect.Method.invoke(Unknown Source)
	at org.openqa.selenium.support.pagefactory.internal.LocatingElementHandler.invoke(LocatingElementHandler.java:52)
	at com.sun.proxy.$Proxy28.click(Unknown Source)
	at Pageclasses.LoginPage.isNextpwd(LoginPage.java:40)
	at GlueCode.Stepdef1.click_password_next_button(Stepdef1.java:133)
	at ?.click password next button(file:///F:/batch%20251/selenium_framworks/Frameworks/org.magnitia.BDD/src/test/resources/features/feature2.feature:24)
</pre></div></td>
<td>13</td>
<td>Tests.Runner1@3d299e3</td></tr>
<tr>
<td title='Tests.Runner1.runScenario()'><b>runScenario</b><br>Test class: Tests.Runner1<br>Test method: Runs Cucumber Scenarios<br>Parameters: "Validate mail compose", "Optional[GmailCompose]"</td>
<td><div><pre>java.io.FileNotFoundException: \src\test\resources\Testdata\Book1.xlsx (The system cannot find the path specified)
	at java.io.FileInputStream.open0(Native Method)
	at java.io.FileInputStream.open(Unknown Source)
	at java.io.FileInputStream.&lt;init&gt;(Unknown Source)
	at Utilityclasses.ExcelUtility.&lt;init&gt;(ExcelUtility.java:30)
	at GlueCode.Stepdef2.method1(Stepdef2.java:44)
	at ?.send mail and test by taking data from excel(file:///F:/batch%20251/selenium_framworks/Frameworks/org.magnitia.BDD/src/test/resources/features/feature4.feature:9)
</pre></div><a href='#' onClick='toggleBox("stack-trace1341158560", this, "Click to show all stack frames", "Click to hide stack frames")'>Click to show all stack frames</a>
<div class='stack-trace' id='stack-trace1341158560'><pre>java.io.FileNotFoundException: \src\test\resources\Testdata\Book1.xlsx (The system cannot find the path specified)
	at java.io.FileInputStream.open0(Native Method)
	at java.io.FileInputStream.open(Unknown Source)
	at java.io.FileInputStream.&lt;init&gt;(Unknown Source)
	at Utilityclasses.ExcelUtility.&lt;init&gt;(ExcelUtility.java:30)
	at GlueCode.Stepdef2.method1(Stepdef2.java:44)
	at ?.send mail and test by taking data from excel(file:///F:/batch%20251/selenium_framworks/Frameworks/org.magnitia.BDD/src/test/resources/features/feature4.feature:9)
</pre></div></td>
<td>8</td>
<td>Tests.Runner1@3d299e3</td></tr>
</table><p>
<table width='100%' border='1' class='invocation-passed'>
<tr><td colspan='4' align='center'><b>PASSED TESTS</b></td></tr>
<tr><td><b>Test method</b></td>
<td width="30%"><b>Exception</b></td>
<td width="10%"><b>Time (seconds)</b></td>
<td><b>Instance</b></td>
</tr>
<tr>
<td title='Tests.Runner1.runScenario()'><b>runScenario</b><br>Test class: Tests.Runner1<br>Test method: Runs Cucumber Scenarios<br>Parameters: "Validate Gmail homepage title", "Optional[Gmail HomePage]"</td>
<td></td>
<td>9</td>
<td>Tests.Runner1@3d299e3</td></tr>
<tr>
<td title='Tests.Runner1.runScenario()'><b>runScenario</b><br>Test class: Tests.Runner1<br>Test method: Runs Cucumber Scenarios<br>Parameters: "Validate userid Login in homePage", "Optional[Gmail HomePage]"</td>
<td></td>
<td>12</td>
<td>Tests.Runner1@3d299e3</td></tr>
<tr>
<td title='Tests.Runner1.runScenario()'><b>runScenario</b><br>Test class: Tests.Runner1<br>Test method: Runs Cucumber Scenarios<br>Parameters: "Validate userid in homePage", "Optional[Gmail HomePage]"</td>
<td></td>
<td>6</td>
<td>Tests.Runner1@3d299e3</td></tr>
<tr>
<td title='Tests.Runner1.runScenario()'><b>runScenario</b><br>Test class: Tests.Runner1<br>Test method: Runs Cucumber Scenarios<br>Parameters: "Validate userid in homePage", "Optional[Gmail HomePage]"</td>
<td></td>
<td>10</td>
<td>Tests.Runner1@3d299e3</td></tr>
<tr>
<td title='Tests.Runner1.runScenario()'><b>runScenario</b><br>Test class: Tests.Runner1<br>Test method: Runs Cucumber Scenarios<br>Parameters: "Validate valid password in login page in Gmail", "Optional[Gmail Login]"</td>
<td></td>
<td>22</td>
<td>Tests.Runner1@3d299e3</td></tr>
<tr>
<td title='Tests.Runner1.runScenario()'><b>runScenario</b><br>Test class: Tests.Runner1<br>Test method: Runs Cucumber Scenarios<br>Parameters: "Validate valid password in login page in Gmail", "Optional[Gmail Login]"</td>
<td></td>
<td>21</td>
<td>Tests.Runner1@3d299e3</td></tr>
<tr>
<td title='Tests.Runner1.runScenario()'><b>runScenario</b><br>Test class: Tests.Runner1<br>Test method: Runs Cucumber Scenarios<br>Parameters: "Validate valid password in login page in Gmail", "Optional[Gmail Login]"</td>
<td></td>
<td>23</td>
<td>Tests.Runner1@3d299e3</td></tr>
<tr>
<td title='Tests.Runner1.runScenario()'><b>runScenario</b><br>Test class: Tests.Runner1<br>Test method: Runs Cucumber Scenarios<br>Parameters: "Validate valid password in login page in Gmail", "Optional[Gmail Login]"</td>
<td></td>
<td>23</td>
<td>Tests.Runner1@3d299e3</td></tr>
<tr>
<td title='Tests.Runner1.runScenario()'><b>runScenario</b><br>Test class: Tests.Runner1<br>Test method: Runs Cucumber Scenarios<br>Parameters: "Validate invalid password in login page", "Optional[Gmail Login]"</td>
<td></td>
<td>13</td>
<td>Tests.Runner1@3d299e3</td></tr>
<tr>
<td title='Tests.Runner1.runScenario()'><b>runScenario</b><br>Test class: Tests.Runner1<br>Test method: Runs Cucumber Scenarios<br>Parameters: "Validate invalid password in login page", "Optional[Gmail Login]"</td>
<td></td>
<td>14</td>
<td>Tests.Runner1@3d299e3</td></tr>
<tr>
<td title='Tests.Runner1.runScenario()'><b>runScenario</b><br>Test class: Tests.Runner1<br>Test method: Runs Cucumber Scenarios<br>Parameters: "Validate invalid password in login page", "Optional[Gmail Login]"</td>
<td></td>
<td>11</td>
<td>Tests.Runner1@3d299e3</td></tr>
<tr>
<td title='Tests.Runner1.runScenario()'><b>runScenario</b><br>Test class: Tests.Runner1<br>Test method: Runs Cucumber Scenarios<br>Parameters: "Validate invalid password in login page", "Optional[Gmail Login]"</td>
<td></td>
<td>10</td>
<td>Tests.Runner1@3d299e3</td></tr>
<tr>
<td title='Tests.Runner1.runScenario()'><b>runScenario</b><br>Test class: Tests.Runner1<br>Test method: Runs Cucumber Scenarios<br>Parameters: "Validate invalid password in login page", "Optional[Gmail Login]"</td>
<td></td>
<td>14</td>
<td>Tests.Runner1@3d299e3</td></tr>
<tr>
<td title='Tests.Runner1.runScenario()'><b>runScenario</b><br>Test class: Tests.Runner1<br>Test method: Runs Cucumber Scenarios<br>Parameters: "Validate invalid password in login page", "Optional[Gmail Login]"</td>
<td></td>
<td>17</td>
<td>Tests.Runner1@3d299e3</td></tr>
<tr>
<td title='Tests.Runner1.runScenario()'><b>runScenario</b><br>Test class: Tests.Runner1<br>Test method: Runs Cucumber Scenarios<br>Parameters: "Validate mail compose", "Optional[Gmail compose]"</td>
<td></td>
<td>78</td>
<td>Tests.Runner1@3d299e3</td></tr>
</table><p>
</body>
</html>