<?xml version="1.0" encoding="UTF-8"?>
<testng-results skipped="0" failed="1" ignored="0" total="4" passed="3">
  <reporter-output>
    <line>
      <![CDATA[Compose test passed and we got Message sent.]]>
    </line>
    <line>
      <![CDATA[Compose test passed and we got Message sent.]]>
    </line>
    <line>
      <![CDATA[Tried to run command without establishing a connection
Build info: version: '4.0.0-alpha-7', revision: 'de8579b6d5'
System info: host: 'KALAMSIR-PC', ip: '192.168.0.102', os.name: 'Windows 7', os.arch: 'amd64', os.version: '6.1', java.version: '1.8.0_144'
Driver info: org.openqa.selenium.firefox.FirefoxDriver
Capabilities {acceptInsecureCerts: true, browserName: firefox, browserVersion: 81.0, javascriptEnabled: true, moz:accessibilityChecks: false, moz:buildID: 20200917005511, moz:geckodriverVersion: 0.27.0, moz:headless: false, moz:processID: 8268, moz:profile: C:\Users\Mindq-pc\AppData\L..., moz:shutdownTimeout: 60000, moz:useNonSpecCompliantPointerOrigin: false, moz:webdriverClick: true, pageLoadStrategy: normal, platform: WINDOWS, platformName: WINDOWS, platformVersion: 6.1, rotatable: false, setWindowRect: true, strictFileInteractability: false, timeouts: {implicit: 0, pageLoad: 300000, script: 30000}, unhandledPromptBehavior: dismiss and notify}
Session ID: c52792b1-fca5-4de7-94ca-f98ae157bbeb
*** Element info: {Using=xpath, value=//*[text()='Choose an account']} and see:]]>
    </line>
    <line>
      <![CDATA[Compose test passed and we got Message sent.]]>
    </line>
    <line>
      <![CDATA[Compose test passed and we got Message sent.]]>
    </line>
  </reporter-output>
  <suite name="Default suite" duration-ms="105811" started-at="2021-01-10T07:45:30 IST" finished-at="2021-01-10T07:47:15 IST">
    <groups>
    </groups>
    <test name="Default test" duration-ms="105811" started-at="2021-01-10T07:45:30 IST" finished-at="2021-01-10T07:47:15 IST">
      <class name="tests.MailSentTestWithDP">
        <test-method status="PASS" signature="setup()[pri:0, instance:tests.MailSentTestWithDP@371a67ec]" name="setup" is-config="true" duration-ms="85" started-at="2021-01-10T07:45:30 IST" finished-at="2021-01-10T07:45:30 IST">
          <reporter-output>
          </reporter-output>
        </test-method> <!-- setup -->
        <test-method status="PASS" signature="mailSentTest(java.lang.String, java.lang.String, java.lang.String, java.lang.String, java.lang.String, java.lang.String, java.lang.String)[pri:1, instance:tests.MailSentTestWithDP@371a67ec]" name="mailSentTest" duration-ms="103687" started-at="2021-01-10T07:45:30 IST" data-provider="providerMethod" finished-at="2021-01-10T07:47:13 IST">
          <params>
            <param index="0">
              <value>
                <![CDATA[opera]]>
              </value>
            </param>
            <param index="1">
              <value>
                <![CDATA[magnitiait]]>
              </value>
            </param>
            <param index="2">
              <value>
                <![CDATA[Magnitia@05]]>
              </value>
            </param>
            <param index="3">
              <value>
                <![CDATA[magnitiait@gmail.com]]>
              </value>
            </param>
            <param index="4">
              <value>
                <![CDATA[hello]]>
              </value>
            </param>
            <param index="5">
              <value>
                <![CDATA[Don’t disturb them]]>
              </value>
            </param>
            <param index="6">
              <value>
                <![CDATA[C:\Users\Public\Pictures\Sample Pictures\tulips.jpg]]>
              </value>
            </param>
          </params>
          <reporter-output>
            <line>
              <![CDATA[Compose test passed and we got Message sent.]]>
            </line>
          </reporter-output>
        </test-method> <!-- mailSentTest -->
        <test-method status="FAIL" signature="mailSentTest(java.lang.String, java.lang.String, java.lang.String, java.lang.String, java.lang.String, java.lang.String, java.lang.String)[pri:1, instance:tests.MailSentTestWithDP@371a67ec]" name="mailSentTest" duration-ms="92183" started-at="2021-01-10T07:45:30 IST" data-provider="providerMethod" finished-at="2021-01-10T07:47:02 IST">
          <params>
            <param index="0">
              <value>
                <![CDATA[firefox]]>
              </value>
            </param>
            <param index="1">
              <value>
                <![CDATA[magnitiait]]>
              </value>
            </param>
            <param index="2">
              <value>
                <![CDATA[Magnitia@05]]>
              </value>
            </param>
            <param index="3">
              <value>
                <![CDATA[magnitiait@gmail.com]]>
              </value>
            </param>
            <param index="4">
              <value>
                <![CDATA[hi]]>
              </value>
            </param>
            <param index="5">
              <value>
                <![CDATA[Don’t see girls in CR]]>
              </value>
            </param>
            <param index="6">
              <value>
                <![CDATA[C:\Users\Public\Pictures\Sample Pictures\lighthouse.jpg]]>
              </value>
            </param>
          </params>
          <exception class="org.openqa.selenium.remote.UnreachableBrowserException">
            <message>
              <![CDATA[Error communicating with the remote browser. It may have died.
Build info: version: '4.0.0-alpha-7', revision: 'de8579b6d5'
System info: host: 'KALAMSIR-PC', ip: '192.168.0.102', os.name: 'Windows 7', os.arch: 'amd64', os.version: '6.1', java.version: '1.8.0_144'
Driver info: driver.version: RemoteWebDriver
Capabilities {acceptInsecureCerts: true, browserName: firefox, browserVersion: 81.0, javascriptEnabled: true, moz:accessibilityChecks: false, moz:buildID: 20200917005511, moz:geckodriverVersion: 0.27.0, moz:headless: false, moz:processID: 8268, moz:profile: C:\Users\Mindq-pc\AppData\L..., moz:shutdownTimeout: 60000, moz:useNonSpecCompliantPointerOrigin: false, moz:webdriverClick: true, pageLoadStrategy: normal, platform: WINDOWS, platformName: WINDOWS, platformVersion: 6.1, rotatable: false, setWindowRect: true, strictFileInteractability: false, timeouts: {implicit: 0, pageLoad: 300000, script: 30000}, unhandledPromptBehavior: dismiss and notify}]]>
            </message>
            <full-stacktrace>
              <![CDATA[org.openqa.selenium.remote.UnreachableBrowserException: Error communicating with the remote browser. It may have died.
Build info: version: '4.0.0-alpha-7', revision: 'de8579b6d5'
System info: host: 'KALAMSIR-PC', ip: '192.168.0.102', os.name: 'Windows 7', os.arch: 'amd64', os.version: '6.1', java.version: '1.8.0_144'
Driver info: driver.version: RemoteWebDriver
Capabilities {acceptInsecureCerts: true, browserName: firefox, browserVersion: 81.0, javascriptEnabled: true, moz:accessibilityChecks: false, moz:buildID: 20200917005511, moz:geckodriverVersion: 0.27.0, moz:headless: false, moz:processID: 8268, moz:profile: C:\Users\Mindq-pc\AppData\L..., moz:shutdownTimeout: 60000, moz:useNonSpecCompliantPointerOrigin: false, moz:webdriverClick: true, pageLoadStrategy: normal, platform: WINDOWS, platformName: WINDOWS, platformVersion: 6.1, rotatable: false, setWindowRect: true, strictFileInteractability: false, timeouts: {implicit: 0, pageLoad: 300000, script: 30000}, unhandledPromptBehavior: dismiss and notify}
at org.openqa.selenium.remote.RemoteWebDriver.execute(RemoteWebDriver.java:522)
at org.openqa.selenium.remote.RemoteWebDriver.execute(RemoteWebDriver.java:558)
at org.openqa.selenium.remote.RemoteWebDriver.execute(RemoteWebDriver.java:562)
at org.openqa.selenium.remote.RemoteWebDriver.getScreenshotAs(RemoteWebDriver.java:294)
at utilities.TestUtility.captureScreenshot(TestUtility.java:98)
at tests.MailSentTestWithDP.mailSentTest(MailSentTestWithDP.java:120)
at sun.reflect.NativeMethodAccessorImpl.invoke0(Native Method)
at sun.reflect.NativeMethodAccessorImpl.invoke(NativeMethodAccessorImpl.java:62)
at sun.reflect.DelegatingMethodAccessorImpl.invoke(DelegatingMethodAccessorImpl.java:43)
at java.lang.reflect.Method.invoke(Method.java:498)
at org.testng.internal.MethodInvocationHelper.invokeMethod(MethodInvocationHelper.java:132)
at org.testng.internal.TestInvoker.invokeMethod(TestInvoker.java:599)
at org.testng.internal.TestInvoker.invokeTestMethod(TestInvoker.java:174)
at org.testng.internal.TestMethodWithDataProviderMethodWorker.call(TestMethodWithDataProviderMethodWorker.java:77)
at org.testng.internal.TestMethodWithDataProviderMethodWorker.call(TestMethodWithDataProviderMethodWorker.java:15)
at java.util.concurrent.FutureTask.run(FutureTask.java:266)
at java.util.concurrent.Executors$RunnableAdapter.call(Executors.java:511)
at java.util.concurrent.FutureTask.run(FutureTask.java:266)
at java.util.concurrent.ThreadPoolExecutor.runWorker(ThreadPoolExecutor.java:1149)
at java.util.concurrent.ThreadPoolExecutor$Worker.run(ThreadPoolExecutor.java:624)
at java.lang.Thread.run(Thread.java:748)
Caused by: java.io.UncheckedIOException: java.net.ConnectException: Connection refused: no further information: localhost/0:0:0:0:0:0:0:1:20293
at org.openqa.selenium.remote.http.netty.NettyHttpHandler.makeCall(NettyHttpHandler.java:69)
at org.openqa.selenium.remote.http.AddSeleniumUserAgent.lambda$apply$0(AddSeleniumUserAgent.java:42)
at org.openqa.selenium.remote.http.Filter.lambda$andFinally$1(Filter.java:56)
at org.openqa.selenium.remote.http.netty.NettyHttpHandler.execute(NettyHttpHandler.java:47)
at org.openqa.selenium.remote.http.AddSeleniumUserAgent.lambda$apply$0(AddSeleniumUserAgent.java:42)
at org.openqa.selenium.remote.http.Filter.lambda$andFinally$1(Filter.java:56)
at org.openqa.selenium.remote.http.netty.NettyClient.execute(NettyClient.java:60)
at org.openqa.selenium.remote.HttpCommandExecutor.execute(HttpCommandExecutor.java:164)
at org.openqa.selenium.remote.service.DriverCommandExecutor.execute(DriverCommandExecutor.java:123)
at org.openqa.selenium.remote.RemoteWebDriver.execute(RemoteWebDriver.java:501)
... 20 more
Caused by: java.net.ConnectException: Connection refused: no further information: localhost/0:0:0:0:0:0:0:1:20293
at org.asynchttpclient.netty.channel.NettyConnectListener.onFailure(NettyConnectListener.java:179)
at org.asynchttpclient.netty.channel.NettyChannelConnector$1.onFailure(NettyChannelConnector.java:108)
at org.asynchttpclient.netty.SimpleChannelFutureListener.operationComplete(SimpleChannelFutureListener.java:28)
at org.asynchttpclient.netty.SimpleChannelFutureListener.operationComplete(SimpleChannelFutureListener.java:20)
at io.netty.util.concurrent.DefaultPromise.notifyListener0(DefaultPromise.java:577)
at io.netty.util.concurrent.DefaultPromise.notifyListeners0(DefaultPromise.java:570)
at io.netty.util.concurrent.DefaultPromise.notifyListenersNow(DefaultPromise.java:549)
at io.netty.util.concurrent.DefaultPromise.notifyListeners(DefaultPromise.java:490)
at io.netty.util.concurrent.DefaultPromise.setValue0(DefaultPromise.java:615)
at io.netty.util.concurrent.DefaultPromise.setFailure0(DefaultPromise.java:608)
at io.netty.util.concurrent.DefaultPromise.tryFailure(DefaultPromise.java:117)
at io.netty.channel.nio.AbstractNioChannel$AbstractNioUnsafe.fulfillConnectPromise(AbstractNioChannel.java:321)
at io.netty.channel.nio.AbstractNioChannel$AbstractNioUnsafe.finishConnect(AbstractNioChannel.java:337)
at io.netty.channel.nio.NioEventLoop.processSelectedKey(NioEventLoop.java:702)
at io.netty.channel.nio.NioEventLoop.processSelectedKeysOptimized(NioEventLoop.java:650)
at io.netty.channel.nio.NioEventLoop.processSelectedKeys(NioEventLoop.java:576)
at io.netty.channel.nio.NioEventLoop.run(NioEventLoop.java:493)
at io.netty.util.concurrent.SingleThreadEventExecutor$4.run(SingleThreadEventExecutor.java:989)
at io.netty.util.internal.ThreadExecutorMap$2.run(ThreadExecutorMap.java:74)
at io.netty.util.concurrent.FastThreadLocalRunnable.run(FastThreadLocalRunnable.java:30)
... 1 more
Caused by: io.netty.channel.AbstractChannel$AnnotatedConnectException: Connection refused: no further information: localhost/0:0:0:0:0:0:0:1:20293
Caused by: java.net.ConnectException: Connection refused: no further information
at sun.nio.ch.SocketChannelImpl.checkConnect(Native Method)
at sun.nio.ch.SocketChannelImpl.finishConnect(SocketChannelImpl.java:717)
at io.netty.channel.socket.nio.NioSocketChannel.doFinishConnect(NioSocketChannel.java:330)
at io.netty.channel.nio.AbstractNioChannel$AbstractNioUnsafe.finishConnect(AbstractNioChannel.java:334)
at io.netty.channel.nio.NioEventLoop.processSelectedKey(NioEventLoop.java:702)
at io.netty.channel.nio.NioEventLoop.processSelectedKeysOptimized(NioEventLoop.java:650)
at io.netty.channel.nio.NioEventLoop.processSelectedKeys(NioEventLoop.java:576)
at io.netty.channel.nio.NioEventLoop.run(NioEventLoop.java:493)
at io.netty.util.concurrent.SingleThreadEventExecutor$4.run(SingleThreadEventExecutor.java:989)
at io.netty.util.internal.ThreadExecutorMap$2.run(ThreadExecutorMap.java:74)
at io.netty.util.concurrent.FastThreadLocalRunnable.run(FastThreadLocalRunnable.java:30)
at java.lang.Thread.run(Thread.java:748)
]]>
            </full-stacktrace>
          </exception> <!-- org.openqa.selenium.remote.UnreachableBrowserException -->
          <reporter-output>
            <line>
              <![CDATA[Compose test passed and we got Message sent.]]>
            </line>
            <line>
              <![CDATA[Tried to run command without establishing a connection
Build info: version: '4.0.0-alpha-7', revision: 'de8579b6d5'
System info: host: 'KALAMSIR-PC', ip: '192.168.0.102', os.name: 'Windows 7', os.arch: 'amd64', os.version: '6.1', java.version: '1.8.0_144'
Driver info: org.openqa.selenium.firefox.FirefoxDriver
Capabilities {acceptInsecureCerts: true, browserName: firefox, browserVersion: 81.0, javascriptEnabled: true, moz:accessibilityChecks: false, moz:buildID: 20200917005511, moz:geckodriverVersion: 0.27.0, moz:headless: false, moz:processID: 8268, moz:profile: C:\Users\Mindq-pc\AppData\L..., moz:shutdownTimeout: 60000, moz:useNonSpecCompliantPointerOrigin: false, moz:webdriverClick: true, pageLoadStrategy: normal, platform: WINDOWS, platformName: WINDOWS, platformVersion: 6.1, rotatable: false, setWindowRect: true, strictFileInteractability: false, timeouts: {implicit: 0, pageLoad: 300000, script: 30000}, unhandledPromptBehavior: dismiss and notify}
Session ID: c52792b1-fca5-4de7-94ca-f98ae157bbeb
*** Element info: {Using=xpath, value=//*[text()='Choose an account']} and see:]]>
            </line>
          </reporter-output>
        </test-method> <!-- mailSentTest -->
        <test-method status="PASS" signature="mailSentTest(java.lang.String, java.lang.String, java.lang.String, java.lang.String, java.lang.String, java.lang.String, java.lang.String)[pri:1, instance:tests.MailSentTestWithDP@371a67ec]" name="mailSentTest" duration-ms="89047" started-at="2021-01-10T07:45:30 IST" data-provider="providerMethod" finished-at="2021-01-10T07:46:59 IST">
          <params>
            <param index="0">
              <value>
                <![CDATA[edge]]>
              </value>
            </param>
            <param index="1">
              <value>
                <![CDATA[magnitiait]]>
              </value>
            </param>
            <param index="2">
              <value>
                <![CDATA[Magnitia@05]]>
              </value>
            </param>
            <param index="3">
              <value>
                <![CDATA[magnitiait@gmail.com]]>
              </value>
            </param>
            <param index="4">
              <value>
                <![CDATA[hello]]>
              </value>
            </param>
            <param index="5">
              <value>
                <![CDATA[Don’t disturb them]]>
              </value>
            </param>
            <param index="6">
              <value>
                <![CDATA[C:\Users\Public\Pictures\Sample Pictures\tulips.jpg]]>
              </value>
            </param>
          </params>
          <reporter-output>
            <line>
              <![CDATA[Compose test passed and we got Message sent.]]>
            </line>
          </reporter-output>
        </test-method> <!-- mailSentTest -->
        <test-method status="PASS" signature="mailSentTest(java.lang.String, java.lang.String, java.lang.String, java.lang.String, java.lang.String, java.lang.String, java.lang.String)[pri:1, instance:tests.MailSentTestWithDP@371a67ec]" name="mailSentTest" duration-ms="80140" started-at="2021-01-10T07:45:30 IST" data-provider="providerMethod" finished-at="2021-01-10T07:46:50 IST">
          <params>
            <param index="0">
              <value>
                <![CDATA[chrome]]>
              </value>
            </param>
            <param index="1">
              <value>
                <![CDATA[magnitiait]]>
              </value>
            </param>
            <param index="2">
              <value>
                <![CDATA[Magnitia@05]]>
              </value>
            </param>
            <param index="3">
              <value>
                <![CDATA[magnitiait@gmail.com]]>
              </value>
            </param>
            <param index="4">
              <value>
                <![CDATA[hi]]>
              </value>
            </param>
            <param index="5">
              <value>
                <![CDATA[Dont get sleeping in CR]]>
              </value>
            </param>
            <param index="6">
              <value>
                <![CDATA[C:\Users\Public\Pictures\Sample Pictures\koala.jpg]]>
              </value>
            </param>
          </params>
          <reporter-output>
            <line>
              <![CDATA[Compose test passed and we got Message sent.]]>
            </line>
          </reporter-output>
        </test-method> <!-- mailSentTest -->
        <test-method status="PASS" signature="method4()[pri:0, instance:tests.MailSentTestWithDP@371a67ec]" name="method4" is-config="true" duration-ms="2014" started-at="2021-01-10T07:47:13 IST" finished-at="2021-01-10T07:47:15 IST">
          <reporter-output>
          </reporter-output>
        </test-method> <!-- method4 -->
      </class> <!-- tests.MailSentTestWithDP -->
    </test> <!-- Default test -->
  </suite> <!-- Default suite -->
</testng-results>
